git
stow
curl
wget
spotify
deskflow
localsend
gimp
obsidian
sublime-text
zen-browser
vlc
ffmpeg
dolphin
vscode
python
pipx
node
npm
docker
docker-compose
lazygit
ripgrep
fd
nmap
metasploit
wireshark
tcpdump
hashcat
john
gobuster
ffuf
dirsearch
burp
starship
zoxide
bat
eza
fzf
btop
neovim
tmux
jetbrainsnerdmono
p10kmeslonerdfont
zsh-syntax-highlighting
bitwarden
googledrive
raycast
maccy
autoraise
lulu
keka
alttab
yabai
stats
rectangle
whatsapp
telegram
discord
lastfmscrobblerclient
caido
wezterm
powerlevel10k
